[0902/170548.109:ERROR:process_reader_win.cc(151)] SuspendThread: Access is denied. (0x5)
[0902/170548.110:ERROR:process_reader_win.cc(151)] SuspendThread: Access is denied. (0x5)
[0902/170548.110:ERROR:process_reader_win.cc(151)] SuspendThread: Access is denied. (0x5)
[0902/170548.110:ERROR:process_reader_win.cc(151)] SuspendThread: Access is denied. (0x5)
[0902/170548.110:ERROR:process_reader_win.cc(151)] SuspendThread: Access is denied. (0x5)
[0902/170548.110:ERROR:process_reader_win.cc(151)] SuspendThread: Access is denied. (0x5)
[0902/170548.110:ERROR:process_reader_win.cc(151)] SuspendThread: Access is denied. (0x5)
[0902/170548.111:ERROR:process_reader_win.cc(151)] SuspendThread: Access is denied. (0x5)
[0902/170548.111:ERROR:process_reader_win.cc(151)] SuspendThread: Access is denied. (0x5)
[0902/170548.111:ERROR:process_reader_win.cc(123)] NtOpenThread: {Access Denied} A process has requested access to an object, but has not been granted those access rights. (0xc0000022)
[0902/170548.112:ERROR:exception_snapshot_win.cc(98)] thread ID 8900 not found in process
[0902/170548.115:ERROR:process_reader_win.cc(151)] SuspendThread: Access is denied. (0x5)
[0902/170548.116:ERROR:process_reader_win.cc(151)] SuspendThread: Access is denied. (0x5)
[0902/170548.116:ERROR:process_reader_win.cc(151)] SuspendThread: Access is denied. (0x5)
[0902/170548.116:ERROR:process_reader_win.cc(151)] SuspendThread: Access is denied. (0x5)
[0902/170548.116:ERROR:process_reader_win.cc(151)] SuspendThread: Access is denied. (0x5)
[0902/170548.116:ERROR:process_reader_win.cc(151)] SuspendThread: Access is denied. (0x5)
[0902/170548.116:ERROR:process_reader_win.cc(151)] SuspendThread: Access is denied. (0x5)
[0902/170548.116:ERROR:process_reader_win.cc(151)] SuspendThread: Access is denied. (0x5)
[0902/170548.116:ERROR:process_reader_win.cc(151)] SuspendThread: Access is denied. (0x5)
[0902/170548.116:ERROR:process_reader_win.cc(151)] SuspendThread: Access is denied. (0x5)
[0902/170548.116:ERROR:process_reader_win.cc(151)] SuspendThread: Access is denied. (0x5)
[0902/170548.116:ERROR:process_reader_win.cc(151)] SuspendThread: Access is denied. (0x5)
[0902/170548.116:ERROR:process_reader_win.cc(151)] SuspendThread: Access is denied. (0x5)
[0902/170548.116:ERROR:process_reader_win.cc(151)] SuspendThread: Access is denied. (0x5)
[0902/170548.116:ERROR:process_reader_win.cc(151)] SuspendThread: Access is denied. (0x5)
[0902/170548.116:ERROR:process_reader_win.cc(151)] SuspendThread: Access is denied. (0x5)
[0902/170548.116:ERROR:process_reader_win.cc(151)] SuspendThread: Access is denied. (0x5)
[0902/170548.116:ERROR:process_reader_win.cc(151)] SuspendThread: Access is denied. (0x5)
[0902/170548.116:ERROR:process_reader_win.cc(151)] SuspendThread: Access is denied. (0x5)
[0902/170548.116:ERROR:process_reader_win.cc(151)] SuspendThread: Access is denied. (0x5)
[0902/170548.116:ERROR:process_reader_win.cc(151)] SuspendThread: Access is denied. (0x5)
[0902/170548.116:ERROR:process_reader_win.cc(151)] SuspendThread: Access is denied. (0x5)
[0902/170548.116:ERROR:process_reader_win.cc(151)] SuspendThread: Access is denied. (0x5)
[0902/170548.116:ERROR:process_reader_win.cc(151)] SuspendThread: Access is denied. (0x5)
[0902/170548.116:ERROR:process_reader_win.cc(151)] SuspendThread: Access is denied. (0x5)
[0902/170548.116:ERROR:process_reader_win.cc(151)] SuspendThread: Access is denied. (0x5)
[0902/170548.116:ERROR:process_reader_win.cc(151)] SuspendThread: Access is denied. (0x5)
[0902/170548.116:ERROR:process_reader_win.cc(123)] NtOpenThread: {Access Denied} A process has requested access to an object, but has not been granted those access rights. (0xc0000022)
[0902/170548.117:ERROR:exception_snapshot_win.cc(98)] thread ID 6728 not found in process
[0902/170548.118:ERROR:process_reader_win.cc(151)] SuspendThread: Access is denied. (0x5)
[0902/170548.119:ERROR:process_reader_win.cc(151)] SuspendThread: Access is denied. (0x5)
[0902/170548.119:ERROR:process_reader_win.cc(151)] SuspendThread: Access is denied. (0x5)
[0902/170548.119:ERROR:process_reader_win.cc(151)] SuspendThread: Access is denied. (0x5)
[0902/170548.119:ERROR:process_reader_win.cc(151)] SuspendThread: Access is denied. (0x5)
[0902/170548.119:ERROR:process_reader_win.cc(151)] SuspendThread: Access is denied. (0x5)
[0902/170548.119:ERROR:process_reader_win.cc(151)] SuspendThread: Access is denied. (0x5)
[0902/170548.119:ERROR:process_reader_win.cc(151)] SuspendThread: Access is denied. (0x5)
[0902/170548.119:ERROR:process_reader_win.cc(151)] SuspendThread: Access is denied. (0x5)
[0902/170548.119:ERROR:process_reader_win.cc(151)] SuspendThread: Access is denied. (0x5)
[0902/170548.119:ERROR:process_reader_win.cc(151)] SuspendThread: Access is denied. (0x5)
[0902/170548.119:ERROR:process_reader_win.cc(151)] SuspendThread: Access is denied. (0x5)
[0902/170548.119:ERROR:process_reader_win.cc(151)] SuspendThread: Access is denied. (0x5)
[0902/170548.119:ERROR:process_reader_win.cc(123)] NtOpenThread: An invalid Client ID was specified. (0xc000000b)
[0902/170548.119:ERROR:process_reader_win.cc(151)] SuspendThread: Access is denied. (0x5)
[0902/170548.119:ERROR:process_reader_win.cc(151)] SuspendThread: Access is denied. (0x5)
[0902/170548.119:ERROR:process_reader_win.cc(151)] SuspendThread: Access is denied. (0x5)
[0902/170548.120:ERROR:process_reader_win.cc(151)] SuspendThread: Access is denied. (0x5)
[0902/170548.120:ERROR:process_reader_win.cc(151)] SuspendThread: Access is denied. (0x5)
[0902/170548.120:ERROR:process_reader_win.cc(151)] SuspendThread: Access is denied. (0x5)
[0902/170548.120:ERROR:process_reader_win.cc(151)] SuspendThread: Access is denied. (0x5)
[0902/170548.120:ERROR:process_reader_win.cc(151)] SuspendThread: Access is denied. (0x5)
[0902/170548.120:ERROR:process_reader_win.cc(151)] SuspendThread: Access is denied. (0x5)
[0902/170548.120:ERROR:process_reader_win.cc(151)] SuspendThread: Access is denied. (0x5)
[0902/170548.120:ERROR:process_reader_win.cc(123)] NtOpenThread: {Access Denied} A process has requested access to an object, but has not been granted those access rights. (0xc0000022)
[0902/170548.120:ERROR:exception_snapshot_win.cc(98)] thread ID 24328 not found in process
[0902/170548.139:ERROR:process_reader_win.cc(151)] SuspendThread: Access is denied. (0x5)
[0902/170548.139:ERROR:process_reader_win.cc(151)] SuspendThread: Access is denied. (0x5)
[0902/170548.139:ERROR:process_reader_win.cc(151)] SuspendThread: Access is denied. (0x5)
[0902/170548.139:ERROR:process_reader_win.cc(151)] SuspendThread: Access is denied. (0x5)
[0902/170548.139:ERROR:process_reader_win.cc(151)] SuspendThread: Access is denied. (0x5)
[0902/170548.140:ERROR:process_reader_win.cc(151)] SuspendThread: Access is denied. (0x5)
[0902/170548.139:ERROR:process_reader_win.cc(151)] SuspendThread: Access is denied. (0x5)
[0902/170548.140:ERROR:process_reader_win.cc(123)] NtOpenThread: {Access Denied} A process has requested access to an object, but has not been granted those access rights. (0xc0000022)
[0902/170548.140:ERROR:process_reader_win.cc(123)] NtOpenThread: {Access Denied} A process has requested access to an object, but has not been granted those access rights. (0xc0000022)
[0902/170548.140:ERROR:exception_snapshot_win.cc(98)] thread ID 23060 not found in process
[0902/170548.140:ERROR:exception_snapshot_win.cc(98)] thread ID 23404 not found in process
[0902/170548.147:ERROR:process_reader_win.cc(151)] SuspendThread: Access is denied. (0x5)
[0902/170548.148:ERROR:process_reader_win.cc(151)] SuspendThread: Access is denied. (0x5)
[0902/170548.148:ERROR:process_reader_win.cc(151)] SuspendThread: Access is denied. (0x5)
[0902/170548.148:ERROR:process_reader_win.cc(151)] SuspendThread: Access is denied. (0x5)
[0902/170548.148:ERROR:process_reader_win.cc(123)] NtOpenThread: {Access Denied} A process has requested access to an object, but has not been granted those access rights. (0xc0000022)
[0902/170548.148:ERROR:exception_snapshot_win.cc(98)] thread ID 18128 not found in process
[0902/170548.151:ERROR:process_reader_win.cc(151)] SuspendThread: Access is denied. (0x5)
[0902/170548.151:ERROR:process_reader_win.cc(151)] SuspendThread: Access is denied. (0x5)
[0902/170548.151:ERROR:process_reader_win.cc(123)] NtOpenThread: {Access Denied} A process has requested access to an object, but has not been granted those access rights. (0xc0000022)
[0902/170548.151:ERROR:exception_snapshot_win.cc(98)] thread ID 24376 not found in process
[0902/170548.154:ERROR:process_reader_win.cc(151)] SuspendThread: Access is denied. (0x5)
[0902/170548.154:ERROR:process_reader_win.cc(123)] NtOpenThread: {Access Denied} A process has requested access to an object, but has not been granted those access rights. (0xc0000022)
[0902/170548.154:ERROR:exception_snapshot_win.cc(98)] thread ID 20240 not found in process
[0903/175459.323:ERROR:process_reader_win.cc(123)] NtOpenThread: {Access Denied} A process has requested access to an object, but has not been granted those access rights. (0xc0000022)
[0903/175459.325:ERROR:process_reader_win.cc(123)] NtOpenThread: {Access Denied} A process has requested access to an object, but has not been granted those access rights. (0xc0000022)
[0903/175459.326:ERROR:exception_snapshot_win.cc(99)] thread ID 16332 not found in process
[0903/175459.326:ERROR:exception_snapshot_win.cc(99)] thread ID 15404 not found in process
[0903/175459.340:ERROR:process_reader_win.cc(123)] NtOpenThread: {Access Denied} A process has requested access to an object, but has not been granted those access rights. (0xc0000022)
[0903/175459.340:ERROR:exception_snapshot_win.cc(99)] thread ID 22312 not found in process
[0903/221635.407:ERROR:process_reader_win.cc(123)] NtOpenThread: {Access Denied} A process has requested access to an object, but has not been granted those access rights. (0xc0000022)
[0903/221635.409:ERROR:exception_snapshot_win.cc(99)] thread ID 23312 not found in process
[0903/221635.420:ERROR:process_reader_win.cc(123)] NtOpenThread: {Access Denied} A process has requested access to an object, but has not been granted those access rights. (0xc0000022)
[0903/221635.420:ERROR:exception_snapshot_win.cc(99)] thread ID 12072 not found in process
[0911/223747.455:ERROR:process_reader_win.cc(123)] NtOpenThread: {Access Denied} A process has requested access to an object, but has not been granted those access rights. (0xc0000022)
[0911/223747.457:ERROR:exception_snapshot_win.cc(99)] thread ID 14224 not found in process
[1111/225648.817:ERROR:directory_reader_win.cc(43)] FindFirstFile: The system cannot find the path specified. (0x3)
[1111/234554.893:ERROR:directory_reader_win.cc(43)] FindFirstFile: The system cannot find the path specified. (0x3)
[1111/234558.401:ERROR:directory_reader_win.cc(43)] FindFirstFile: The system cannot find the path specified. (0x3)
[1115/182212.061:ERROR:directory_reader_win.cc(43)] FindFirstFile: The system cannot find the path specified. (0x3)
[1210/203420.462:ERROR:directory_reader_win.cc(43)] FindFirstFile: The system cannot find the path specified. (0x3)
[1210/203857.927:ERROR:directory_reader_win.cc(43)] FindFirstFile: The system cannot find the path specified. (0x3)
[1210/204419.152:ERROR:directory_reader_win.cc(43)] FindFirstFile: The system cannot find the path specified. (0x3)
[1210/204714.393:ERROR:directory_reader_win.cc(43)] FindFirstFile: The system cannot find the path specified. (0x3)
[1210/204823.724:ERROR:directory_reader_win.cc(43)] FindFirstFile: The system cannot find the path specified. (0x3)
[1210/215810.524:ERROR:directory_reader_win.cc(43)] FindFirstFile: The system cannot find the path specified. (0x3)
[1211/120157.219:ERROR:directory_reader_win.cc(43)] FindFirstFile: The system cannot find the path specified. (0x3)
[1211/123734.578:ERROR:directory_reader_win.cc(43)] FindFirstFile: The system cannot find the path specified. (0x3)
[1212/091334.219:ERROR:directory_reader_win.cc(43)] FindFirstFile: The system cannot find the path specified. (0x3)
[1222/223150.328:ERROR:directory_reader_win.cc(43)] FindFirstFile: The system cannot find the path specified. (0x3)
[1224/231747.386:ERROR:directory_reader_win.cc(43)] FindFirstFile: The system cannot find the path specified. (0x3)
[1224/234531.144:ERROR:directory_reader_win.cc(43)] FindFirstFile: The system cannot find the path specified. (0x3)
[1227/135502.826:ERROR:directory_reader_win.cc(43)] FindFirstFile: The system cannot find the path specified. (0x3)
[1227/152555.208:ERROR:directory_reader_win.cc(43)] FindFirstFile: The system cannot find the path specified. (0x3)
[1227/152601.324:ERROR:directory_reader_win.cc(43)] FindFirstFile: The system cannot find the path specified. (0x3)
[1227/154325.994:ERROR:directory_reader_win.cc(43)] FindFirstFile: The system cannot find the path specified. (0x3)
[1227/154340.975:ERROR:directory_reader_win.cc(43)] FindFirstFile: The system cannot find the path specified. (0x3)
[1227/193623.714:ERROR:directory_reader_win.cc(43)] FindFirstFile: The system cannot find the path specified. (0x3)
[1227/214457.863:ERROR:directory_reader_win.cc(43)] FindFirstFile: The system cannot find the path specified. (0x3)
[1227/224058.810:ERROR:directory_reader_win.cc(43)] FindFirstFile: The system cannot find the path specified. (0x3)
[1230/111935.026:ERROR:directory_reader_win.cc(43)] FindFirstFile: The system cannot find the path specified. (0x3)
[1230/113022.500:ERROR:directory_reader_win.cc(43)] FindFirstFile: The system cannot find the path specified. (0x3)
[1230/113337.853:ERROR:directory_reader_win.cc(43)] FindFirstFile: The system cannot find the path specified. (0x3)
[1230/113929.014:ERROR:directory_reader_win.cc(43)] FindFirstFile: The system cannot find the path specified. (0x3)
[1230/211339.721:ERROR:directory_reader_win.cc(43)] FindFirstFile: The system cannot find the path specified. (0x3)
[1230/211409.450:ERROR:directory_reader_win.cc(43)] FindFirstFile: The system cannot find the path specified. (0x3)
[1230/211449.814:ERROR:directory_reader_win.cc(43)] FindFirstFile: The system cannot find the path specified. (0x3)
[1230/211537.578:ERROR:directory_reader_win.cc(43)] FindFirstFile: The system cannot find the path specified. (0x3)
[1230/211737.231:ERROR:directory_reader_win.cc(43)] FindFirstFile: The system cannot find the path specified. (0x3)
[1230/215009.853:ERROR:directory_reader_win.cc(43)] FindFirstFile: The system cannot find the path specified. (0x3)
[1230/215147.466:ERROR:directory_reader_win.cc(43)] FindFirstFile: The system cannot find the path specified. (0x3)
[0103/144940.105:ERROR:directory_reader_win.cc(43)] FindFirstFile: The system cannot find the path specified. (0x3)
[0103/145054.199:ERROR:directory_reader_win.cc(43)] FindFirstFile: The system cannot find the path specified. (0x3)
[0103/145054.199:ERROR:prune_crash_reports.cc(36)] PruneCrashReportDatabase: Failed to get pending reports
[0103/150740.136:ERROR:directory_reader_win.cc(43)] FindFirstFile: The system cannot find the path specified. (0x3)
[0103/150814.754:ERROR:directory_reader_win.cc(43)] FindFirstFile: The system cannot find the path specified. (0x3)
[0103/151112.517:ERROR:directory_reader_win.cc(43)] FindFirstFile: The system cannot find the path specified. (0x3)
[0103/151231.242:ERROR:directory_reader_win.cc(43)] FindFirstFile: The system cannot find the path specified. (0x3)
[0103/151438.754:ERROR:directory_reader_win.cc(43)] FindFirstFile: The system cannot find the path specified. (0x3)
[0103/152000.647:ERROR:directory_reader_win.cc(43)] FindFirstFile: The system cannot find the path specified. (0x3)
[0103/153336.896:ERROR:directory_reader_win.cc(43)] FindFirstFile: The system cannot find the path specified. (0x3)
[0103/153351.876:ERROR:directory_reader_win.cc(43)] FindFirstFile: The system cannot find the path specified. (0x3)
[0103/154924.979:ERROR:directory_reader_win.cc(43)] FindFirstFile: The system cannot find the path specified. (0x3)
[0103/154939.981:ERROR:directory_reader_win.cc(43)] FindFirstFile: The system cannot find the path specified. (0x3)
[0103/161109.234:ERROR:directory_reader_win.cc(43)] FindFirstFile: The system cannot find the path specified. (0x3)
[0103/161124.263:ERROR:directory_reader_win.cc(43)] FindFirstFile: The system cannot find the path specified. (0x3)
